
2016-03-21 14:01:25
[INFO]-[Thread: main]-[org.eclipse.jetty.server.Server.doStart()]: jetty-8.y.z-SNAPSHOT

2016-03-21 14:01:26
[INFO]-[Thread: main]-[org.eclipse.jetty.server.handler.ContextHandler.callContextInitialized()]: started o.e.j.w.WebAppContext{/,file:/D:/workspace/jfinal_demo/WebContent/}

2016-03-21 14:01:26
[INFO]-[Thread: main]-[org.eclipse.jetty.server.handler.ContextHandler.callContextInitialized()]: started o.e.j.w.WebAppContext{/,file:/D:/workspace/jfinal_demo/WebContent/}

2016-03-21 14:01:26
[INFO]-[Thread: MLog-Init-Reporter]-[com.mchange.v2.log.slf4j.Slf4jMLog$Slf4jMLogger$InfoLogger.log()]: MLog clients using slf4j logging.

2016-03-21 14:01:26
[INFO]-[Thread: main]-[com.mchange.v2.log.slf4j.Slf4jMLog$Slf4jMLogger$InfoLogger.log()]: Initializing c3p0-0.9.5.1 [built 16-June-2015 00:06:36 -0700; debug? true; trace: 10]

2016-03-21 14:01:26
[INFO]-[Thread: main]-[com.mchange.v2.log.slf4j.Slf4jMLog$Slf4jMLogger$InfoLogger.log()]: Initializing c3p0 pool... com.mchange.v2.c3p0.ComboPooledDataSource [ acquireIncrement -> 2, acquireRetryAttempts -> 30, acquireRetryDelay -> 1000, autoCommitOnClose -> false, automaticTestTable -> null, breakAfterAcquireFailure -> false, checkoutTimeout -> 0, connectionCustomizerClassName -> null, connectionTesterClassName -> com.mchange.v2.c3p0.impl.DefaultConnectionTester, contextClassLoaderSource -> caller, dataSourceName -> 1hge17f9f163xbk71v0iq0y|b7dd107, debugUnreturnedConnectionStackTraces -> false, description -> null, driverClass -> com.mysql.jdbc.Driver, extensions -> {}, factoryClassLocation -> null, forceIgnoreUnresolvedTransactions -> false, forceSynchronousCheckins -> false, forceUseNamedDriverClass -> false, identityToken -> 1hge17f9f163xbk71v0iq0y|b7dd107, idleConnectionTestPeriod -> 0, initialPoolSize -> 10, jdbcUrl -> jdbc:mysql://localhost/test, maxAdministrativeTaskTime -> 0, maxConnectionAge -> 0, maxIdleTime -> 20, maxIdleTimeExcessConnections -> 0, maxPoolSize -> 100, maxStatements -> 0, maxStatementsPerConnection -> 0, minPoolSize -> 10, numHelperThreads -> 3, preferredTestQuery -> null, privilegeSpawnedThreads -> false, properties -> {user=******, password=******}, propertyCycle -> 0, statementCacheNumDeferredCloseThreads -> 0, testConnectionOnCheckin -> false, testConnectionOnCheckout -> false, unreturnedConnectionTimeout -> 0, userOverrides -> {}, usesTraditionalReflectiveProxies -> false ]

2016-03-21 14:01:26
[INFO]-[Thread: main]-[org.eclipse.jetty.server.AbstractConnector.doStart()]: Started SelectChannelConnector@0.0.0.0:80

2016-03-21 14:02:16
[INFO]-[Thread: JFinal-Scanner]-[org.eclipse.jetty.servlet.listener.ELContextCleaner.contextDestroyed()]: javax.el.BeanELResolver purged

2016-03-21 14:02:16
[INFO]-[Thread: JFinal-Scanner]-[org.eclipse.jetty.server.handler.ContextHandler.doStop()]: stopped o.e.j.w.WebAppContext{/,file:/D:/workspace/jfinal_demo/WebContent/}

2016-03-21 14:02:16
[INFO]-[Thread: JFinal-Scanner]-[org.eclipse.jetty.server.handler.ContextHandler.callContextInitialized()]: started o.e.j.w.WebAppContext{/,file:/D:/workspace/jfinal_demo/WebContent/}

2016-03-21 14:02:16
[INFO]-[Thread: JFinal-Scanner]-[org.eclipse.jetty.server.handler.ContextHandler.callContextInitialized()]: started o.e.j.w.WebAppContext{/,file:/D:/workspace/jfinal_demo/WebContent/}

2016-03-21 14:02:16
[INFO]-[Thread: MLog-Init-Reporter]-[com.mchange.v2.log.slf4j.Slf4jMLog$Slf4jMLogger$InfoLogger.log()]: MLog clients using slf4j logging.

2016-03-21 14:02:16
[INFO]-[Thread: JFinal-Scanner]-[com.mchange.v2.log.slf4j.Slf4jMLog$Slf4jMLogger$InfoLogger.log()]: Initializing c3p0-0.9.5.1 [built 16-June-2015 00:06:36 -0700; debug? true; trace: 10]

2016-03-21 14:02:16
[INFO]-[Thread: JFinal-Scanner]-[com.mchange.v2.log.slf4j.Slf4jMLog$Slf4jMLogger$InfoLogger.log()]: Initializing c3p0 pool... com.mchange.v2.c3p0.ComboPooledDataSource [ acquireIncrement -> 2, acquireRetryAttempts -> 30, acquireRetryDelay -> 1000, autoCommitOnClose -> false, automaticTestTable -> null, breakAfterAcquireFailure -> false, checkoutTimeout -> 0, connectionCustomizerClassName -> null, connectionTesterClassName -> com.mchange.v2.c3p0.impl.DefaultConnectionTester, contextClassLoaderSource -> caller, dataSourceName -> 1hge17f9f163yek7kdxbfq|1845a331, debugUnreturnedConnectionStackTraces -> false, description -> null, driverClass -> com.mysql.jdbc.Driver, extensions -> {}, factoryClassLocation -> null, forceIgnoreUnresolvedTransactions -> false, forceSynchronousCheckins -> false, forceUseNamedDriverClass -> false, identityToken -> 1hge17f9f163yek7kdxbfq|1845a331, idleConnectionTestPeriod -> 0, initialPoolSize -> 10, jdbcUrl -> jdbc:mysql://localhost/test, maxAdministrativeTaskTime -> 0, maxConnectionAge -> 0, maxIdleTime -> 20, maxIdleTimeExcessConnections -> 0, maxPoolSize -> 100, maxStatements -> 0, maxStatementsPerConnection -> 0, minPoolSize -> 10, numHelperThreads -> 3, preferredTestQuery -> null, privilegeSpawnedThreads -> false, properties -> {user=******, password=******}, propertyCycle -> 0, statementCacheNumDeferredCloseThreads -> 0, testConnectionOnCheckin -> false, testConnectionOnCheckout -> false, unreturnedConnectionTimeout -> 0, userOverrides -> {}, usesTraditionalReflectiveProxies -> false ]

2016-03-21 14:28:57
[INFO]-[Thread: JFinal-Scanner]-[org.eclipse.jetty.servlet.listener.ELContextCleaner.contextDestroyed()]: javax.el.BeanELResolver purged

2016-03-21 14:28:57
[INFO]-[Thread: JFinal-Scanner]-[org.eclipse.jetty.server.handler.ContextHandler.doStop()]: stopped o.e.j.w.WebAppContext{/,file:/D:/workspace/jfinal_demo/WebContent/}

2016-03-21 14:28:57
[INFO]-[Thread: JFinal-Scanner]-[org.eclipse.jetty.server.handler.ContextHandler.callContextInitialized()]: started o.e.j.w.WebAppContext{/,file:/D:/workspace/jfinal_demo/WebContent/}

2016-03-21 14:28:57
[INFO]-[Thread: JFinal-Scanner]-[org.eclipse.jetty.server.handler.ContextHandler.callContextInitialized()]: started o.e.j.w.WebAppContext{/,file:/D:/workspace/jfinal_demo/WebContent/}

2016-03-21 14:28:57
[WARN]-[Thread: JFinal-Scanner]-[org.eclipse.jetty.util.component.AbstractLifeCycle.setFailed()]: FAILED jfinal: java.lang.Error: Unresolved compilation problem: 
	Syntax error, insert ";" to complete Statement

java.lang.Error: Unresolved compilation problem: 
	Syntax error, insert ";" to complete Statement

	at demo.DemoConfig.configPlugin(DemoConfig.java:48)
	at com.jfinal.core.Config.configJFinal(Config.java:49)
	at com.jfinal.core.JFinal.init(JFinal.java:62)
	at com.jfinal.core.JFinalFilter.init(JFinalFilter.java:49)
	at org.eclipse.jetty.servlet.FilterHolder.doStart(FilterHolder.java:119)
	at org.eclipse.jetty.util.component.AbstractLifeCycle.start(AbstractLifeCycle.java:64)
	at org.eclipse.jetty.servlet.ServletHandler.initialize(ServletHandler.java:724)
	at org.eclipse.jetty.servlet.ServletContextHandler.startContext(ServletContextHandler.java:265)
	at org.eclipse.jetty.webapp.WebAppContext.startContext(WebAppContext.java:1250)
	at org.eclipse.jetty.server.handler.ContextHandler.doStart(ContextHandler.java:706)
	at org.eclipse.jetty.webapp.WebAppContext.doStart(WebAppContext.java:492)
	at org.eclipse.jetty.util.component.AbstractLifeCycle.start(AbstractLifeCycle.java:64)
	at com.jfinal.server.JettyServer$1.onChange(JettyServer.java:108)
	at com.jfinal.server.Scanner.compare(Scanner.java:88)
	at com.jfinal.server.Scanner.working(Scanner.java:57)
	at com.jfinal.server.Scanner.access$0(Scanner.java:55)
	at com.jfinal.server.Scanner$1.run(Scanner.java:94)
	at java.util.TimerThread.mainLoop(Timer.java:555)
	at java.util.TimerThread.run(Timer.java:505)

2016-03-21 14:28:57
[WARN]-[Thread: JFinal-Scanner]-[org.eclipse.jetty.util.component.AbstractLifeCycle.setFailed()]: FAILED o.e.j.w.WebAppContext{/,file:/D:/workspace/jfinal_demo/WebContent/}: java.lang.Error: Unresolved compilation problem: 
	Syntax error, insert ";" to complete Statement

java.lang.Error: Unresolved compilation problem: 
	Syntax error, insert ";" to complete Statement

	at demo.DemoConfig.configPlugin(DemoConfig.java:48)
	at com.jfinal.core.Config.configJFinal(Config.java:49)
	at com.jfinal.core.JFinal.init(JFinal.java:62)
	at com.jfinal.core.JFinalFilter.init(JFinalFilter.java:49)
	at org.eclipse.jetty.servlet.FilterHolder.doStart(FilterHolder.java:119)
	at org.eclipse.jetty.util.component.AbstractLifeCycle.start(AbstractLifeCycle.java:64)
	at org.eclipse.jetty.servlet.ServletHandler.initialize(ServletHandler.java:724)
	at org.eclipse.jetty.servlet.ServletContextHandler.startContext(ServletContextHandler.java:265)
	at org.eclipse.jetty.webapp.WebAppContext.startContext(WebAppContext.java:1250)
	at org.eclipse.jetty.server.handler.ContextHandler.doStart(ContextHandler.java:706)
	at org.eclipse.jetty.webapp.WebAppContext.doStart(WebAppContext.java:492)
	at org.eclipse.jetty.util.component.AbstractLifeCycle.start(AbstractLifeCycle.java:64)
	at com.jfinal.server.JettyServer$1.onChange(JettyServer.java:108)
	at com.jfinal.server.Scanner.compare(Scanner.java:88)
	at com.jfinal.server.Scanner.working(Scanner.java:57)
	at com.jfinal.server.Scanner.access$0(Scanner.java:55)
	at com.jfinal.server.Scanner$1.run(Scanner.java:94)
	at java.util.TimerThread.mainLoop(Timer.java:555)
	at java.util.TimerThread.run(Timer.java:505)

2016-03-21 14:29:40
[INFO]-[Thread: main]-[org.eclipse.jetty.server.Server.doStart()]: jetty-8.y.z-SNAPSHOT

2016-03-21 14:29:40
[INFO]-[Thread: main]-[org.eclipse.jetty.server.handler.ContextHandler.callContextInitialized()]: started o.e.j.w.WebAppContext{/,file:/D:/workspace/jfinal_demo/WebContent/}

2016-03-21 14:29:40
[INFO]-[Thread: main]-[org.eclipse.jetty.server.handler.ContextHandler.callContextInitialized()]: started o.e.j.w.WebAppContext{/,file:/D:/workspace/jfinal_demo/WebContent/}

2016-03-21 14:29:40
[INFO]-[Thread: MLog-Init-Reporter]-[com.mchange.v2.log.slf4j.Slf4jMLog$Slf4jMLogger$InfoLogger.log()]: MLog clients using slf4j logging.

2016-03-21 14:29:40
[INFO]-[Thread: main]-[com.mchange.v2.log.slf4j.Slf4jMLog$Slf4jMLogger$InfoLogger.log()]: Initializing c3p0-0.9.5.1 [built 16-June-2015 00:06:36 -0700; debug? true; trace: 10]

2016-03-21 14:29:40
[INFO]-[Thread: main]-[com.mchange.v2.log.slf4j.Slf4jMLog$Slf4jMLogger$InfoLogger.log()]: Initializing c3p0 pool... com.mchange.v2.c3p0.ComboPooledDataSource [ acquireIncrement -> 2, acquireRetryAttempts -> 30, acquireRetryDelay -> 1000, autoCommitOnClose -> false, automaticTestTable -> null, breakAfterAcquireFailure -> false, checkoutTimeout -> 0, connectionCustomizerClassName -> null, connectionTesterClassName -> com.mchange.v2.c3p0.impl.DefaultConnectionTester, contextClassLoaderSource -> caller, dataSourceName -> 1hge17f9f164xmxx3m2wy6|52f759d7, debugUnreturnedConnectionStackTraces -> false, description -> null, driverClass -> com.mysql.jdbc.Driver, extensions -> {}, factoryClassLocation -> null, forceIgnoreUnresolvedTransactions -> false, forceSynchronousCheckins -> false, forceUseNamedDriverClass -> false, identityToken -> 1hge17f9f164xmxx3m2wy6|52f759d7, idleConnectionTestPeriod -> 0, initialPoolSize -> 10, jdbcUrl -> jdbc:mysql://localhost/test, maxAdministrativeTaskTime -> 0, maxConnectionAge -> 0, maxIdleTime -> 20, maxIdleTimeExcessConnections -> 0, maxPoolSize -> 100, maxStatements -> 0, maxStatementsPerConnection -> 0, minPoolSize -> 10, numHelperThreads -> 3, preferredTestQuery -> null, privilegeSpawnedThreads -> false, properties -> {user=******, password=******}, propertyCycle -> 0, statementCacheNumDeferredCloseThreads -> 0, testConnectionOnCheckin -> false, testConnectionOnCheckout -> false, unreturnedConnectionTimeout -> 0, userOverrides -> {}, usesTraditionalReflectiveProxies -> false ]

2016-03-21 14:29:41
[INFO]-[Thread: main]-[org.eclipse.jetty.server.AbstractConnector.doStart()]: Started SelectChannelConnector@0.0.0.0:80

2016-03-21 14:29:54
[INFO]-[Thread: qtp792791759-24]-[com.jfinal.plugin.activerecord.SqlReporter.invoke()]: Sql: select * from user where username = 'aaa' and password = 'aaa'

2016-03-21 14:33:52
[INFO]-[Thread: JFinal-Scanner]-[org.eclipse.jetty.servlet.listener.ELContextCleaner.contextDestroyed()]: javax.el.BeanELResolver purged

2016-03-21 14:33:52
[INFO]-[Thread: JFinal-Scanner]-[org.eclipse.jetty.server.handler.ContextHandler.doStop()]: stopped o.e.j.w.WebAppContext{/,file:/D:/workspace/jfinal_demo/WebContent/}

2016-03-21 14:33:52
[INFO]-[Thread: JFinal-Scanner]-[org.eclipse.jetty.server.handler.ContextHandler.callContextInitialized()]: started o.e.j.w.WebAppContext{/,file:/D:/workspace/jfinal_demo/WebContent/}

2016-03-21 14:33:52
[INFO]-[Thread: JFinal-Scanner]-[org.eclipse.jetty.server.handler.ContextHandler.callContextInitialized()]: started o.e.j.w.WebAppContext{/,file:/D:/workspace/jfinal_demo/WebContent/}

2016-03-21 14:33:52
[INFO]-[Thread: MLog-Init-Reporter]-[com.mchange.v2.log.slf4j.Slf4jMLog$Slf4jMLogger$InfoLogger.log()]: MLog clients using slf4j logging.

2016-03-21 14:33:53
[INFO]-[Thread: JFinal-Scanner]-[com.mchange.v2.log.slf4j.Slf4jMLog$Slf4jMLogger$InfoLogger.log()]: Initializing c3p0-0.9.5.1 [built 16-June-2015 00:06:36 -0700; debug? true; trace: 10]

2016-03-21 14:33:53
[INFO]-[Thread: JFinal-Scanner]-[com.mchange.v2.log.slf4j.Slf4jMLog$Slf4jMLogger$InfoLogger.log()]: Initializing c3p0 pool... com.mchange.v2.c3p0.ComboPooledDataSource [ acquireIncrement -> 2, acquireRetryAttempts -> 30, acquireRetryDelay -> 1000, autoCommitOnClose -> false, automaticTestTable -> null, breakAfterAcquireFailure -> false, checkoutTimeout -> 0, connectionCustomizerClassName -> null, connectionTesterClassName -> com.mchange.v2.c3p0.impl.DefaultConnectionTester, contextClassLoaderSource -> caller, dataSourceName -> 1hge17f9f16531puxclspd|16a017a3, debugUnreturnedConnectionStackTraces -> false, description -> null, driverClass -> com.mysql.jdbc.Driver, extensions -> {}, factoryClassLocation -> null, forceIgnoreUnresolvedTransactions -> false, forceSynchronousCheckins -> false, forceUseNamedDriverClass -> false, identityToken -> 1hge17f9f16531puxclspd|16a017a3, idleConnectionTestPeriod -> 0, initialPoolSize -> 10, jdbcUrl -> jdbc:mysql://localhost/test, maxAdministrativeTaskTime -> 0, maxConnectionAge -> 0, maxIdleTime -> 20, maxIdleTimeExcessConnections -> 0, maxPoolSize -> 100, maxStatements -> 0, maxStatementsPerConnection -> 0, minPoolSize -> 10, numHelperThreads -> 3, preferredTestQuery -> null, privilegeSpawnedThreads -> false, properties -> {user=******, password=******}, propertyCycle -> 0, statementCacheNumDeferredCloseThreads -> 0, testConnectionOnCheckin -> false, testConnectionOnCheckout -> false, unreturnedConnectionTimeout -> 0, userOverrides -> {}, usesTraditionalReflectiveProxies -> false ]

2016-03-21 16:35:41
[INFO]-[Thread: JFinal-Scanner]-[org.eclipse.jetty.servlet.listener.ELContextCleaner.contextDestroyed()]: javax.el.BeanELResolver purged

2016-03-21 16:35:41
[INFO]-[Thread: JFinal-Scanner]-[org.eclipse.jetty.server.handler.ContextHandler.doStop()]: stopped o.e.j.w.WebAppContext{/,file:/D:/workspace/jfinal_demo/WebContent/}

2016-03-21 16:35:41
[INFO]-[Thread: JFinal-Scanner]-[org.eclipse.jetty.server.handler.ContextHandler.callContextInitialized()]: started o.e.j.w.WebAppContext{/,file:/D:/workspace/jfinal_demo/WebContent/}

2016-03-21 16:35:41
[INFO]-[Thread: JFinal-Scanner]-[org.eclipse.jetty.server.handler.ContextHandler.callContextInitialized()]: started o.e.j.w.WebAppContext{/,file:/D:/workspace/jfinal_demo/WebContent/}

2016-03-21 16:35:41
[INFO]-[Thread: MLog-Init-Reporter]-[com.mchange.v2.log.slf4j.Slf4jMLog$Slf4jMLogger$InfoLogger.log()]: MLog clients using slf4j logging.

2016-03-21 16:35:41
[INFO]-[Thread: JFinal-Scanner]-[com.mchange.v2.log.slf4j.Slf4jMLog$Slf4jMLogger$InfoLogger.log()]: Initializing c3p0-0.9.5.1 [built 16-June-2015 00:06:36 -0700; debug? true; trace: 10]

2016-03-21 16:35:41
[INFO]-[Thread: JFinal-Scanner]-[com.mchange.v2.log.slf4j.Slf4jMLog$Slf4jMLogger$InfoLogger.log()]: Initializing c3p0 pool... com.mchange.v2.c3p0.ComboPooledDataSource [ acquireIncrement -> 2, acquireRetryAttempts -> 30, acquireRetryDelay -> 1000, autoCommitOnClose -> false, automaticTestTable -> null, breakAfterAcquireFailure -> false, checkoutTimeout -> 0, connectionCustomizerClassName -> null, connectionTesterClassName -> com.mchange.v2.c3p0.impl.DefaultConnectionTester, contextClassLoaderSource -> caller, dataSourceName -> 1hge17f9f169fp6zbj3z8m|336624bb, debugUnreturnedConnectionStackTraces -> false, description -> null, driverClass -> com.mysql.jdbc.Driver, extensions -> {}, factoryClassLocation -> null, forceIgnoreUnresolvedTransactions -> false, forceSynchronousCheckins -> false, forceUseNamedDriverClass -> false, identityToken -> 1hge17f9f169fp6zbj3z8m|336624bb, idleConnectionTestPeriod -> 0, initialPoolSize -> 10, jdbcUrl -> jdbc:mysql://localhost/test, maxAdministrativeTaskTime -> 0, maxConnectionAge -> 0, maxIdleTime -> 20, maxIdleTimeExcessConnections -> 0, maxPoolSize -> 100, maxStatements -> 0, maxStatementsPerConnection -> 0, minPoolSize -> 10, numHelperThreads -> 3, preferredTestQuery -> null, privilegeSpawnedThreads -> false, properties -> {user=******, password=******}, propertyCycle -> 0, statementCacheNumDeferredCloseThreads -> 0, testConnectionOnCheckin -> false, testConnectionOnCheckout -> false, unreturnedConnectionTimeout -> 0, userOverrides -> {}, usesTraditionalReflectiveProxies -> false ]

2016-03-21 16:37:27
[INFO]-[Thread: JFinal-Scanner]-[org.eclipse.jetty.servlet.listener.ELContextCleaner.contextDestroyed()]: javax.el.BeanELResolver purged

2016-03-21 16:37:27
[INFO]-[Thread: JFinal-Scanner]-[org.eclipse.jetty.server.handler.ContextHandler.doStop()]: stopped o.e.j.w.WebAppContext{/,file:/D:/workspace/jfinal_demo/WebContent/}

2016-03-21 16:37:27
[INFO]-[Thread: JFinal-Scanner]-[org.eclipse.jetty.server.handler.ContextHandler.callContextInitialized()]: started o.e.j.w.WebAppContext{/,file:/D:/workspace/jfinal_demo/WebContent/}

2016-03-21 16:37:27
[INFO]-[Thread: JFinal-Scanner]-[org.eclipse.jetty.server.handler.ContextHandler.callContextInitialized()]: started o.e.j.w.WebAppContext{/,file:/D:/workspace/jfinal_demo/WebContent/}

2016-03-21 16:37:27
[INFO]-[Thread: MLog-Init-Reporter]-[com.mchange.v2.log.slf4j.Slf4jMLog$Slf4jMLogger$InfoLogger.log()]: MLog clients using slf4j logging.

2016-03-21 16:37:27
[INFO]-[Thread: JFinal-Scanner]-[com.mchange.v2.log.slf4j.Slf4jMLog$Slf4jMLogger$InfoLogger.log()]: Initializing c3p0-0.9.5.1 [built 16-June-2015 00:06:36 -0700; debug? true; trace: 10]

2016-03-21 16:37:27
[INFO]-[Thread: JFinal-Scanner]-[com.mchange.v2.log.slf4j.Slf4jMLog$Slf4jMLogger$InfoLogger.log()]: Initializing c3p0 pool... com.mchange.v2.c3p0.ComboPooledDataSource [ acquireIncrement -> 2, acquireRetryAttempts -> 30, acquireRetryDelay -> 1000, autoCommitOnClose -> false, automaticTestTable -> null, breakAfterAcquireFailure -> false, checkoutTimeout -> 0, connectionCustomizerClassName -> null, connectionTesterClassName -> com.mchange.v2.c3p0.impl.DefaultConnectionTester, contextClassLoaderSource -> caller, dataSourceName -> 1hge17f9f169hz051so0jf3|793f85fb, debugUnreturnedConnectionStackTraces -> false, description -> null, driverClass -> com.mysql.jdbc.Driver, extensions -> {}, factoryClassLocation -> null, forceIgnoreUnresolvedTransactions -> false, forceSynchronousCheckins -> false, forceUseNamedDriverClass -> false, identityToken -> 1hge17f9f169hz051so0jf3|793f85fb, idleConnectionTestPeriod -> 0, initialPoolSize -> 10, jdbcUrl -> jdbc:mysql://localhost/test, maxAdministrativeTaskTime -> 0, maxConnectionAge -> 0, maxIdleTime -> 20, maxIdleTimeExcessConnections -> 0, maxPoolSize -> 100, maxStatements -> 0, maxStatementsPerConnection -> 0, minPoolSize -> 10, numHelperThreads -> 3, preferredTestQuery -> null, privilegeSpawnedThreads -> false, properties -> {user=******, password=******}, propertyCycle -> 0, statementCacheNumDeferredCloseThreads -> 0, testConnectionOnCheckin -> false, testConnectionOnCheckout -> false, unreturnedConnectionTimeout -> 0, userOverrides -> {}, usesTraditionalReflectiveProxies -> false ]

2016-03-21 16:37:42
[INFO]-[Thread: JFinal-Scanner]-[org.eclipse.jetty.servlet.listener.ELContextCleaner.contextDestroyed()]: javax.el.BeanELResolver purged

2016-03-21 16:37:42
[INFO]-[Thread: JFinal-Scanner]-[org.eclipse.jetty.server.handler.ContextHandler.doStop()]: stopped o.e.j.w.WebAppContext{/,file:/D:/workspace/jfinal_demo/WebContent/}

2016-03-21 16:37:42
[INFO]-[Thread: JFinal-Scanner]-[org.eclipse.jetty.server.handler.ContextHandler.callContextInitialized()]: started o.e.j.w.WebAppContext{/,file:/D:/workspace/jfinal_demo/WebContent/}

2016-03-21 16:37:42
[INFO]-[Thread: JFinal-Scanner]-[org.eclipse.jetty.server.handler.ContextHandler.callContextInitialized()]: started o.e.j.w.WebAppContext{/,file:/D:/workspace/jfinal_demo/WebContent/}

2016-03-21 16:37:42
[INFO]-[Thread: MLog-Init-Reporter]-[com.mchange.v2.log.slf4j.Slf4jMLog$Slf4jMLogger$InfoLogger.log()]: MLog clients using slf4j logging.

2016-03-21 16:37:42
[INFO]-[Thread: JFinal-Scanner]-[com.mchange.v2.log.slf4j.Slf4jMLog$Slf4jMLogger$InfoLogger.log()]: Initializing c3p0-0.9.5.1 [built 16-June-2015 00:06:36 -0700; debug? true; trace: 10]

2016-03-21 16:37:43
[INFO]-[Thread: JFinal-Scanner]-[com.mchange.v2.log.slf4j.Slf4jMLog$Slf4jMLogger$InfoLogger.log()]: Initializing c3p0 pool... com.mchange.v2.c3p0.ComboPooledDataSource [ acquireIncrement -> 2, acquireRetryAttempts -> 30, acquireRetryDelay -> 1000, autoCommitOnClose -> false, automaticTestTable -> null, breakAfterAcquireFailure -> false, checkoutTimeout -> 0, connectionCustomizerClassName -> null, connectionTesterClassName -> com.mchange.v2.c3p0.impl.DefaultConnectionTester, contextClassLoaderSource -> caller, dataSourceName -> 1hge17f9f169iap9kg5u5z|435428fc, debugUnreturnedConnectionStackTraces -> false, description -> null, driverClass -> com.mysql.jdbc.Driver, extensions -> {}, factoryClassLocation -> null, forceIgnoreUnresolvedTransactions -> false, forceSynchronousCheckins -> false, forceUseNamedDriverClass -> false, identityToken -> 1hge17f9f169iap9kg5u5z|435428fc, idleConnectionTestPeriod -> 0, initialPoolSize -> 10, jdbcUrl -> jdbc:mysql://localhost/test, maxAdministrativeTaskTime -> 0, maxConnectionAge -> 0, maxIdleTime -> 20, maxIdleTimeExcessConnections -> 0, maxPoolSize -> 100, maxStatements -> 0, maxStatementsPerConnection -> 0, minPoolSize -> 10, numHelperThreads -> 3, preferredTestQuery -> null, privilegeSpawnedThreads -> false, properties -> {user=******, password=******}, propertyCycle -> 0, statementCacheNumDeferredCloseThreads -> 0, testConnectionOnCheckin -> false, testConnectionOnCheckout -> false, unreturnedConnectionTimeout -> 0, userOverrides -> {}, usesTraditionalReflectiveProxies -> false ]

2016-03-21 16:38:13
[INFO]-[Thread: qtp792791759-25]-[com.jfinal.plugin.activerecord.SqlReporter.invoke()]: Sql: insert into `user`(`password`) values(?)

2016-03-21 16:38:13
[ERROR]-[Thread: qtp792791759-25]-[com.jfinal.core.ActionHandler.handle()]: /user/addUser
com.jfinal.plugin.activerecord.ActiveRecordException: java.sql.SQLException: Field 'manager_id' doesn't have a default value
	at com.jfinal.plugin.activerecord.Model.save(Model.java:413)
	at controller.UserController.addUser(UserController.java:13)
	at sun.reflect.NativeMethodAccessorImpl.invoke0(Native Method)
	at sun.reflect.NativeMethodAccessorImpl.invoke(NativeMethodAccessorImpl.java:62)
	at sun.reflect.DelegatingMethodAccessorImpl.invoke(DelegatingMethodAccessorImpl.java:43)
	at java.lang.reflect.Method.invoke(Method.java:483)
	at com.jfinal.aop.Invocation.invoke(Invocation.java:73)
	at com.jfinal.core.ActionHandler.handle(ActionHandler.java:74)
	at com.jfinal.core.JFinalFilter.doFilter(JFinalFilter.java:72)
	at org.eclipse.jetty.servlet.ServletHandler$CachedChain.doFilter(ServletHandler.java:1307)
	at org.eclipse.jetty.servlet.ServletHandler.doHandle(ServletHandler.java:453)
	at org.eclipse.jetty.server.handler.ScopedHandler.handle(ScopedHandler.java:137)
	at org.eclipse.jetty.security.SecurityHandler.handle(SecurityHandler.java:560)
	at org.eclipse.jetty.server.session.SessionHandler.doHandle(SessionHandler.java:231)
	at org.eclipse.jetty.server.handler.ContextHandler.doHandle(ContextHandler.java:1072)
	at org.eclipse.jetty.servlet.ServletHandler.doScope(ServletHandler.java:382)
	at org.eclipse.jetty.server.session.SessionHandler.doScope(SessionHandler.java:193)
	at org.eclipse.jetty.server.handler.ContextHandler.doScope(ContextHandler.java:1006)
	at org.eclipse.jetty.server.handler.ScopedHandler.handle(ScopedHandler.java:135)
	at org.eclipse.jetty.server.handler.HandlerWrapper.handle(HandlerWrapper.java:116)
	at org.eclipse.jetty.server.Server.handle(Server.java:365)
	at org.eclipse.jetty.server.AbstractHttpConnection.handleRequest(AbstractHttpConnection.java:485)
	at org.eclipse.jetty.server.AbstractHttpConnection.content(AbstractHttpConnection.java:937)
	at org.eclipse.jetty.server.AbstractHttpConnection$RequestHandler.content(AbstractHttpConnection.java:998)
	at org.eclipse.jetty.http.HttpParser.parseNext(HttpParser.java:856)
	at org.eclipse.jetty.http.HttpParser.parseAvailable(HttpParser.java:240)
	at org.eclipse.jetty.server.AsyncHttpConnection.handle(AsyncHttpConnection.java:82)
	at org.eclipse.jetty.io.nio.SelectChannelEndPoint.handle(SelectChannelEndPoint.java:628)
	at org.eclipse.jetty.io.nio.SelectChannelEndPoint$1.run(SelectChannelEndPoint.java:52)
	at org.eclipse.jetty.util.thread.QueuedThreadPool.runJob(QueuedThreadPool.java:608)
	at org.eclipse.jetty.util.thread.QueuedThreadPool$3.run(QueuedThreadPool.java:543)
	at java.lang.Thread.run(Thread.java:744)
Caused by: java.sql.SQLException: Field 'manager_id' doesn't have a default value
	at com.mysql.jdbc.SQLError.createSQLException(SQLError.java:1073)
	at com.mysql.jdbc.MysqlIO.checkErrorPacket(MysqlIO.java:4096)
	at com.mysql.jdbc.MysqlIO.checkErrorPacket(MysqlIO.java:4028)
	at com.mysql.jdbc.MysqlIO.sendCommand(MysqlIO.java:2490)
	at com.mysql.jdbc.MysqlIO.sqlQueryDirect(MysqlIO.java:2651)
	at com.mysql.jdbc.ConnectionImpl.execSQL(ConnectionImpl.java:2683)
	at com.mysql.jdbc.PreparedStatement.executeInternal(PreparedStatement.java:2144)
	at com.mysql.jdbc.PreparedStatement.executeUpdate(PreparedStatement.java:2444)
	at com.mysql.jdbc.PreparedStatement.executeUpdate(PreparedStatement.java:2362)
	at com.mysql.jdbc.PreparedStatement.executeUpdate(PreparedStatement.java:2347)
	at com.mchange.v2.c3p0.impl.NewProxyPreparedStatement.executeUpdate(NewProxyPreparedStatement.java:410)
	at com.jfinal.plugin.activerecord.Model.save(Model.java:408)
	... 31 more

2016-03-21 16:39:19
[INFO]-[Thread: qtp792791759-21]-[com.jfinal.plugin.activerecord.SqlReporter.invoke()]: Sql: insert into `user`(`password`) values(?)

2016-03-21 16:39:54
[INFO]-[Thread: JFinal-Scanner]-[org.eclipse.jetty.servlet.listener.ELContextCleaner.contextDestroyed()]: javax.el.BeanELResolver purged

2016-03-21 16:39:54
[INFO]-[Thread: JFinal-Scanner]-[org.eclipse.jetty.server.handler.ContextHandler.doStop()]: stopped o.e.j.w.WebAppContext{/,file:/D:/workspace/jfinal_demo/WebContent/}

2016-03-21 16:39:54
[INFO]-[Thread: JFinal-Scanner]-[org.eclipse.jetty.server.handler.ContextHandler.callContextInitialized()]: started o.e.j.w.WebAppContext{/,file:/D:/workspace/jfinal_demo/WebContent/}

2016-03-21 16:39:54
[INFO]-[Thread: JFinal-Scanner]-[org.eclipse.jetty.server.handler.ContextHandler.callContextInitialized()]: started o.e.j.w.WebAppContext{/,file:/D:/workspace/jfinal_demo/WebContent/}

2016-03-21 16:39:54
[INFO]-[Thread: MLog-Init-Reporter]-[com.mchange.v2.log.slf4j.Slf4jMLog$Slf4jMLogger$InfoLogger.log()]: MLog clients using slf4j logging.

2016-03-21 16:39:54
[INFO]-[Thread: JFinal-Scanner]-[com.mchange.v2.log.slf4j.Slf4jMLog$Slf4jMLogger$InfoLogger.log()]: Initializing c3p0-0.9.5.1 [built 16-June-2015 00:06:36 -0700; debug? true; trace: 10]

2016-03-21 16:39:54
[INFO]-[Thread: JFinal-Scanner]-[com.mchange.v2.log.slf4j.Slf4jMLog$Slf4jMLogger$InfoLogger.log()]: Initializing c3p0 pool... com.mchange.v2.c3p0.ComboPooledDataSource [ acquireIncrement -> 2, acquireRetryAttempts -> 30, acquireRetryDelay -> 1000, autoCommitOnClose -> false, automaticTestTable -> null, breakAfterAcquireFailure -> false, checkoutTimeout -> 0, connectionCustomizerClassName -> null, connectionTesterClassName -> com.mchange.v2.c3p0.impl.DefaultConnectionTester, contextClassLoaderSource -> caller, dataSourceName -> 1hge17f9f169l42xltpoym|7e5b2823, debugUnreturnedConnectionStackTraces -> false, description -> null, driverClass -> com.mysql.jdbc.Driver, extensions -> {}, factoryClassLocation -> null, forceIgnoreUnresolvedTransactions -> false, forceSynchronousCheckins -> false, forceUseNamedDriverClass -> false, identityToken -> 1hge17f9f169l42xltpoym|7e5b2823, idleConnectionTestPeriod -> 0, initialPoolSize -> 10, jdbcUrl -> jdbc:mysql://localhost/test, maxAdministrativeTaskTime -> 0, maxConnectionAge -> 0, maxIdleTime -> 20, maxIdleTimeExcessConnections -> 0, maxPoolSize -> 100, maxStatements -> 0, maxStatementsPerConnection -> 0, minPoolSize -> 10, numHelperThreads -> 3, preferredTestQuery -> null, privilegeSpawnedThreads -> false, properties -> {user=******, password=******}, propertyCycle -> 0, statementCacheNumDeferredCloseThreads -> 0, testConnectionOnCheckin -> false, testConnectionOnCheckout -> false, unreturnedConnectionTimeout -> 0, userOverrides -> {}, usesTraditionalReflectiveProxies -> false ]

2016-03-21 16:40:01
[INFO]-[Thread: qtp792791759-23]-[com.jfinal.plugin.activerecord.SqlReporter.invoke()]: Sql: insert into `user`() values()

2016-03-21 16:43:11
[INFO]-[Thread: JFinal-Scanner]-[org.eclipse.jetty.servlet.listener.ELContextCleaner.contextDestroyed()]: javax.el.BeanELResolver purged

2016-03-21 16:43:11
[INFO]-[Thread: JFinal-Scanner]-[org.eclipse.jetty.server.handler.ContextHandler.doStop()]: stopped o.e.j.w.WebAppContext{/,file:/D:/workspace/jfinal_demo/WebContent/}

2016-03-21 16:43:11
[INFO]-[Thread: JFinal-Scanner]-[org.eclipse.jetty.server.handler.ContextHandler.callContextInitialized()]: started o.e.j.w.WebAppContext{/,file:/D:/workspace/jfinal_demo/WebContent/}

2016-03-21 16:43:11
[INFO]-[Thread: JFinal-Scanner]-[org.eclipse.jetty.server.handler.ContextHandler.callContextInitialized()]: started o.e.j.w.WebAppContext{/,file:/D:/workspace/jfinal_demo/WebContent/}

2016-03-21 16:43:11
[INFO]-[Thread: MLog-Init-Reporter]-[com.mchange.v2.log.slf4j.Slf4jMLog$Slf4jMLogger$InfoLogger.log()]: MLog clients using slf4j logging.

2016-03-21 16:43:11
[INFO]-[Thread: JFinal-Scanner]-[com.mchange.v2.log.slf4j.Slf4jMLog$Slf4jMLogger$InfoLogger.log()]: Initializing c3p0-0.9.5.1 [built 16-June-2015 00:06:36 -0700; debug? true; trace: 10]

2016-03-21 16:43:11
[INFO]-[Thread: JFinal-Scanner]-[com.mchange.v2.log.slf4j.Slf4jMLog$Slf4jMLogger$InfoLogger.log()]: Initializing c3p0 pool... com.mchange.v2.c3p0.ComboPooledDataSource [ acquireIncrement -> 2, acquireRetryAttempts -> 30, acquireRetryDelay -> 1000, autoCommitOnClose -> false, automaticTestTable -> null, breakAfterAcquireFailure -> false, checkoutTimeout -> 0, connectionCustomizerClassName -> null, connectionTesterClassName -> com.mchange.v2.c3p0.impl.DefaultConnectionTester, contextClassLoaderSource -> caller, dataSourceName -> 1hge17f9f169pc1w1qxlr5o|15fc323, debugUnreturnedConnectionStackTraces -> false, description -> null, driverClass -> com.mysql.jdbc.Driver, extensions -> {}, factoryClassLocation -> null, forceIgnoreUnresolvedTransactions -> false, forceSynchronousCheckins -> false, forceUseNamedDriverClass -> false, identityToken -> 1hge17f9f169pc1w1qxlr5o|15fc323, idleConnectionTestPeriod -> 0, initialPoolSize -> 10, jdbcUrl -> jdbc:mysql://localhost/test, maxAdministrativeTaskTime -> 0, maxConnectionAge -> 0, maxIdleTime -> 20, maxIdleTimeExcessConnections -> 0, maxPoolSize -> 100, maxStatements -> 0, maxStatementsPerConnection -> 0, minPoolSize -> 10, numHelperThreads -> 3, preferredTestQuery -> null, privilegeSpawnedThreads -> false, properties -> {user=******, password=******}, propertyCycle -> 0, statementCacheNumDeferredCloseThreads -> 0, testConnectionOnCheckin -> false, testConnectionOnCheckout -> false, unreturnedConnectionTimeout -> 0, userOverrides -> {}, usesTraditionalReflectiveProxies -> false ]

2016-03-21 16:43:26
[INFO]-[Thread: JFinal-Scanner]-[org.eclipse.jetty.servlet.listener.ELContextCleaner.contextDestroyed()]: javax.el.BeanELResolver purged

2016-03-21 16:43:26
[INFO]-[Thread: JFinal-Scanner]-[org.eclipse.jetty.server.handler.ContextHandler.doStop()]: stopped o.e.j.w.WebAppContext{/,file:/D:/workspace/jfinal_demo/WebContent/}

2016-03-21 16:43:26
[INFO]-[Thread: JFinal-Scanner]-[org.eclipse.jetty.server.handler.ContextHandler.callContextInitialized()]: started o.e.j.w.WebAppContext{/,file:/D:/workspace/jfinal_demo/WebContent/}

2016-03-21 16:43:26
[INFO]-[Thread: JFinal-Scanner]-[org.eclipse.jetty.server.handler.ContextHandler.callContextInitialized()]: started o.e.j.w.WebAppContext{/,file:/D:/workspace/jfinal_demo/WebContent/}

2016-03-21 16:43:26
[INFO]-[Thread: MLog-Init-Reporter]-[com.mchange.v2.log.slf4j.Slf4jMLog$Slf4jMLogger$InfoLogger.log()]: MLog clients using slf4j logging.

2016-03-21 16:43:26
[INFO]-[Thread: JFinal-Scanner]-[com.mchange.v2.log.slf4j.Slf4jMLog$Slf4jMLogger$InfoLogger.log()]: Initializing c3p0-0.9.5.1 [built 16-June-2015 00:06:36 -0700; debug? true; trace: 10]

2016-03-21 16:43:26
[INFO]-[Thread: JFinal-Scanner]-[com.mchange.v2.log.slf4j.Slf4jMLog$Slf4jMLogger$InfoLogger.log()]: Initializing c3p0 pool... com.mchange.v2.c3p0.ComboPooledDataSource [ acquireIncrement -> 2, acquireRetryAttempts -> 30, acquireRetryDelay -> 1000, autoCommitOnClose -> false, automaticTestTable -> null, breakAfterAcquireFailure -> false, checkoutTimeout -> 0, connectionCustomizerClassName -> null, connectionTesterClassName -> com.mchange.v2.c3p0.impl.DefaultConnectionTester, contextClassLoaderSource -> caller, dataSourceName -> 1hge17f9f169pnqt13b5c2c|15b7175a, debugUnreturnedConnectionStackTraces -> false, description -> null, driverClass -> com.mysql.jdbc.Driver, extensions -> {}, factoryClassLocation -> null, forceIgnoreUnresolvedTransactions -> false, forceSynchronousCheckins -> false, forceUseNamedDriverClass -> false, identityToken -> 1hge17f9f169pnqt13b5c2c|15b7175a, idleConnectionTestPeriod -> 0, initialPoolSize -> 10, jdbcUrl -> jdbc:mysql://localhost/test, maxAdministrativeTaskTime -> 0, maxConnectionAge -> 0, maxIdleTime -> 20, maxIdleTimeExcessConnections -> 0, maxPoolSize -> 100, maxStatements -> 0, maxStatementsPerConnection -> 0, minPoolSize -> 10, numHelperThreads -> 3, preferredTestQuery -> null, privilegeSpawnedThreads -> false, properties -> {user=******, password=******}, propertyCycle -> 0, statementCacheNumDeferredCloseThreads -> 0, testConnectionOnCheckin -> false, testConnectionOnCheckout -> false, unreturnedConnectionTimeout -> 0, userOverrides -> {}, usesTraditionalReflectiveProxies -> false ]

2016-03-21 16:43:36
[INFO]-[Thread: JFinal-Scanner]-[org.eclipse.jetty.servlet.listener.ELContextCleaner.contextDestroyed()]: javax.el.BeanELResolver purged

2016-03-21 16:43:36
[INFO]-[Thread: JFinal-Scanner]-[org.eclipse.jetty.server.handler.ContextHandler.doStop()]: stopped o.e.j.w.WebAppContext{/,file:/D:/workspace/jfinal_demo/WebContent/}

2016-03-21 16:43:36
[INFO]-[Thread: JFinal-Scanner]-[org.eclipse.jetty.server.handler.ContextHandler.callContextInitialized()]: started o.e.j.w.WebAppContext{/,file:/D:/workspace/jfinal_demo/WebContent/}

2016-03-21 16:43:36
[INFO]-[Thread: JFinal-Scanner]-[org.eclipse.jetty.server.handler.ContextHandler.callContextInitialized()]: started o.e.j.w.WebAppContext{/,file:/D:/workspace/jfinal_demo/WebContent/}

2016-03-21 16:43:36
[INFO]-[Thread: MLog-Init-Reporter]-[com.mchange.v2.log.slf4j.Slf4jMLog$Slf4jMLogger$InfoLogger.log()]: MLog clients using slf4j logging.

2016-03-21 16:43:36
[INFO]-[Thread: JFinal-Scanner]-[com.mchange.v2.log.slf4j.Slf4jMLog$Slf4jMLogger$InfoLogger.log()]: Initializing c3p0-0.9.5.1 [built 16-June-2015 00:06:36 -0700; debug? true; trace: 10]

2016-03-21 16:43:36
[INFO]-[Thread: JFinal-Scanner]-[com.mchange.v2.log.slf4j.Slf4jMLog$Slf4jMLogger$InfoLogger.log()]: Initializing c3p0 pool... com.mchange.v2.c3p0.ComboPooledDataSource [ acquireIncrement -> 2, acquireRetryAttempts -> 30, acquireRetryDelay -> 1000, autoCommitOnClose -> false, automaticTestTable -> null, breakAfterAcquireFailure -> false, checkoutTimeout -> 0, connectionCustomizerClassName -> null, connectionTesterClassName -> com.mchange.v2.c3p0.impl.DefaultConnectionTester, contextClassLoaderSource -> caller, dataSourceName -> 1hge17f9f169pvk3dsrgpz|e47663d, debugUnreturnedConnectionStackTraces -> false, description -> null, driverClass -> com.mysql.jdbc.Driver, extensions -> {}, factoryClassLocation -> null, forceIgnoreUnresolvedTransactions -> false, forceSynchronousCheckins -> false, forceUseNamedDriverClass -> false, identityToken -> 1hge17f9f169pvk3dsrgpz|e47663d, idleConnectionTestPeriod -> 0, initialPoolSize -> 10, jdbcUrl -> jdbc:mysql://localhost/test, maxAdministrativeTaskTime -> 0, maxConnectionAge -> 0, maxIdleTime -> 20, maxIdleTimeExcessConnections -> 0, maxPoolSize -> 100, maxStatements -> 0, maxStatementsPerConnection -> 0, minPoolSize -> 10, numHelperThreads -> 3, preferredTestQuery -> null, privilegeSpawnedThreads -> false, properties -> {user=******, password=******}, propertyCycle -> 0, statementCacheNumDeferredCloseThreads -> 0, testConnectionOnCheckin -> false, testConnectionOnCheckout -> false, unreturnedConnectionTimeout -> 0, userOverrides -> {}, usesTraditionalReflectiveProxies -> false ]

2016-03-21 16:44:06
[INFO]-[Thread: JFinal-Scanner]-[org.eclipse.jetty.servlet.listener.ELContextCleaner.contextDestroyed()]: javax.el.BeanELResolver purged

2016-03-21 16:44:06
[INFO]-[Thread: JFinal-Scanner]-[org.eclipse.jetty.server.handler.ContextHandler.doStop()]: stopped o.e.j.w.WebAppContext{/,file:/D:/workspace/jfinal_demo/WebContent/}

2016-03-21 16:44:06
[INFO]-[Thread: JFinal-Scanner]-[org.eclipse.jetty.server.handler.ContextHandler.callContextInitialized()]: started o.e.j.w.WebAppContext{/,file:/D:/workspace/jfinal_demo/WebContent/}

2016-03-21 16:44:06
[INFO]-[Thread: JFinal-Scanner]-[org.eclipse.jetty.server.handler.ContextHandler.callContextInitialized()]: started o.e.j.w.WebAppContext{/,file:/D:/workspace/jfinal_demo/WebContent/}

2016-03-21 16:44:06
[INFO]-[Thread: MLog-Init-Reporter]-[com.mchange.v2.log.slf4j.Slf4jMLog$Slf4jMLogger$InfoLogger.log()]: MLog clients using slf4j logging.

2016-03-21 16:44:06
[INFO]-[Thread: JFinal-Scanner]-[com.mchange.v2.log.slf4j.Slf4jMLog$Slf4jMLogger$InfoLogger.log()]: Initializing c3p0-0.9.5.1 [built 16-June-2015 00:06:36 -0700; debug? true; trace: 10]

2016-03-21 16:44:06
[INFO]-[Thread: JFinal-Scanner]-[com.mchange.v2.log.slf4j.Slf4jMLog$Slf4jMLogger$InfoLogger.log()]: Initializing c3p0 pool... com.mchange.v2.c3p0.ComboPooledDataSource [ acquireIncrement -> 2, acquireRetryAttempts -> 30, acquireRetryDelay -> 1000, autoCommitOnClose -> false, automaticTestTable -> null, breakAfterAcquireFailure -> false, checkoutTimeout -> 0, connectionCustomizerClassName -> null, connectionTesterClassName -> com.mchange.v2.c3p0.impl.DefaultConnectionTester, contextClassLoaderSource -> caller, dataSourceName -> 1hge17f9f169qiwh1oamddf|6effb399, debugUnreturnedConnectionStackTraces -> false, description -> null, driverClass -> com.mysql.jdbc.Driver, extensions -> {}, factoryClassLocation -> null, forceIgnoreUnresolvedTransactions -> false, forceSynchronousCheckins -> false, forceUseNamedDriverClass -> false, identityToken -> 1hge17f9f169qiwh1oamddf|6effb399, idleConnectionTestPeriod -> 0, initialPoolSize -> 10, jdbcUrl -> jdbc:mysql://localhost/test, maxAdministrativeTaskTime -> 0, maxConnectionAge -> 0, maxIdleTime -> 20, maxIdleTimeExcessConnections -> 0, maxPoolSize -> 100, maxStatements -> 0, maxStatementsPerConnection -> 0, minPoolSize -> 10, numHelperThreads -> 3, preferredTestQuery -> null, privilegeSpawnedThreads -> false, properties -> {user=******, password=******}, propertyCycle -> 0, statementCacheNumDeferredCloseThreads -> 0, testConnectionOnCheckin -> false, testConnectionOnCheckout -> false, unreturnedConnectionTimeout -> 0, userOverrides -> {}, usesTraditionalReflectiveProxies -> false ]

2016-03-21 16:44:21
[INFO]-[Thread: JFinal-Scanner]-[org.eclipse.jetty.servlet.listener.ELContextCleaner.contextDestroyed()]: javax.el.BeanELResolver purged

2016-03-21 16:44:21
[INFO]-[Thread: JFinal-Scanner]-[org.eclipse.jetty.server.handler.ContextHandler.doStop()]: stopped o.e.j.w.WebAppContext{/,file:/D:/workspace/jfinal_demo/WebContent/}

2016-03-21 16:44:21
[INFO]-[Thread: JFinal-Scanner]-[org.eclipse.jetty.server.handler.ContextHandler.callContextInitialized()]: started o.e.j.w.WebAppContext{/,file:/D:/workspace/jfinal_demo/WebContent/}

2016-03-21 16:44:21
[INFO]-[Thread: JFinal-Scanner]-[org.eclipse.jetty.server.handler.ContextHandler.callContextInitialized()]: started o.e.j.w.WebAppContext{/,file:/D:/workspace/jfinal_demo/WebContent/}

2016-03-21 16:44:22
[INFO]-[Thread: MLog-Init-Reporter]-[com.mchange.v2.log.slf4j.Slf4jMLog$Slf4jMLogger$InfoLogger.log()]: MLog clients using slf4j logging.

2016-03-21 16:44:22
[INFO]-[Thread: JFinal-Scanner]-[com.mchange.v2.log.slf4j.Slf4jMLog$Slf4jMLogger$InfoLogger.log()]: Initializing c3p0-0.9.5.1 [built 16-June-2015 00:06:36 -0700; debug? true; trace: 10]

2016-03-21 16:44:22
[INFO]-[Thread: JFinal-Scanner]-[com.mchange.v2.log.slf4j.Slf4jMLog$Slf4jMLogger$InfoLogger.log()]: Initializing c3p0 pool... com.mchange.v2.c3p0.ComboPooledDataSource [ acquireIncrement -> 2, acquireRetryAttempts -> 30, acquireRetryDelay -> 1000, autoCommitOnClose -> false, automaticTestTable -> null, breakAfterAcquireFailure -> false, checkoutTimeout -> 0, connectionCustomizerClassName -> null, connectionTesterClassName -> com.mchange.v2.c3p0.impl.DefaultConnectionTester, contextClassLoaderSource -> caller, dataSourceName -> 1hge17f9f169qumb19mlodr|5270d135, debugUnreturnedConnectionStackTraces -> false, description -> null, driverClass -> com.mysql.jdbc.Driver, extensions -> {}, factoryClassLocation -> null, forceIgnoreUnresolvedTransactions -> false, forceSynchronousCheckins -> false, forceUseNamedDriverClass -> false, identityToken -> 1hge17f9f169qumb19mlodr|5270d135, idleConnectionTestPeriod -> 0, initialPoolSize -> 10, jdbcUrl -> jdbc:mysql://localhost/test, maxAdministrativeTaskTime -> 0, maxConnectionAge -> 0, maxIdleTime -> 20, maxIdleTimeExcessConnections -> 0, maxPoolSize -> 100, maxStatements -> 0, maxStatementsPerConnection -> 0, minPoolSize -> 10, numHelperThreads -> 3, preferredTestQuery -> null, privilegeSpawnedThreads -> false, properties -> {user=******, password=******}, propertyCycle -> 0, statementCacheNumDeferredCloseThreads -> 0, testConnectionOnCheckin -> false, testConnectionOnCheckout -> false, unreturnedConnectionTimeout -> 0, userOverrides -> {}, usesTraditionalReflectiveProxies -> false ]

2016-03-21 16:44:26
[INFO]-[Thread: JFinal-Scanner]-[org.eclipse.jetty.servlet.listener.ELContextCleaner.contextDestroyed()]: javax.el.BeanELResolver purged

2016-03-21 16:44:26
[INFO]-[Thread: JFinal-Scanner]-[org.eclipse.jetty.server.handler.ContextHandler.doStop()]: stopped o.e.j.w.WebAppContext{/,file:/D:/workspace/jfinal_demo/WebContent/}

2016-03-21 16:44:27
[INFO]-[Thread: JFinal-Scanner]-[org.eclipse.jetty.server.handler.ContextHandler.callContextInitialized()]: started o.e.j.w.WebAppContext{/,file:/D:/workspace/jfinal_demo/WebContent/}

2016-03-21 16:44:27
[INFO]-[Thread: JFinal-Scanner]-[org.eclipse.jetty.server.handler.ContextHandler.callContextInitialized()]: started o.e.j.w.WebAppContext{/,file:/D:/workspace/jfinal_demo/WebContent/}

2016-03-21 16:44:27
[INFO]-[Thread: MLog-Init-Reporter]-[com.mchange.v2.log.slf4j.Slf4jMLog$Slf4jMLogger$InfoLogger.log()]: MLog clients using slf4j logging.

2016-03-21 16:44:27
[INFO]-[Thread: JFinal-Scanner]-[com.mchange.v2.log.slf4j.Slf4jMLog$Slf4jMLogger$InfoLogger.log()]: Initializing c3p0-0.9.5.1 [built 16-June-2015 00:06:36 -0700; debug? true; trace: 10]

2016-03-21 16:44:27
[INFO]-[Thread: JFinal-Scanner]-[com.mchange.v2.log.slf4j.Slf4jMLog$Slf4jMLogger$InfoLogger.log()]: Initializing c3p0 pool... com.mchange.v2.c3p0.ComboPooledDataSource [ acquireIncrement -> 2, acquireRetryAttempts -> 30, acquireRetryDelay -> 1000, autoCommitOnClose -> false, automaticTestTable -> null, breakAfterAcquireFailure -> false, checkoutTimeout -> 0, connectionCustomizerClassName -> null, connectionTesterClassName -> com.mchange.v2.c3p0.impl.DefaultConnectionTester, contextClassLoaderSource -> caller, dataSourceName -> 1hge17f9f169qyij1thv57m|52133454, debugUnreturnedConnectionStackTraces -> false, description -> null, driverClass -> com.mysql.jdbc.Driver, extensions -> {}, factoryClassLocation -> null, forceIgnoreUnresolvedTransactions -> false, forceSynchronousCheckins -> false, forceUseNamedDriverClass -> false, identityToken -> 1hge17f9f169qyij1thv57m|52133454, idleConnectionTestPeriod -> 0, initialPoolSize -> 10, jdbcUrl -> jdbc:mysql://localhost/test, maxAdministrativeTaskTime -> 0, maxConnectionAge -> 0, maxIdleTime -> 20, maxIdleTimeExcessConnections -> 0, maxPoolSize -> 100, maxStatements -> 0, maxStatementsPerConnection -> 0, minPoolSize -> 10, numHelperThreads -> 3, preferredTestQuery -> null, privilegeSpawnedThreads -> false, properties -> {user=******, password=******}, propertyCycle -> 0, statementCacheNumDeferredCloseThreads -> 0, testConnectionOnCheckin -> false, testConnectionOnCheckout -> false, unreturnedConnectionTimeout -> 0, userOverrides -> {}, usesTraditionalReflectiveProxies -> false ]

2016-03-21 16:44:54
[INFO]-[Thread: qtp792791759-18]-[com.jfinal.plugin.activerecord.SqlReporter.invoke()]: Sql: insert into `user`() values()

2016-03-21 16:45:42
[INFO]-[Thread: qtp792791759-24]-[com.jfinal.plugin.activerecord.SqlReporter.invoke()]: Sql: insert into `user`() values()

2016-03-21 16:46:31
[INFO]-[Thread: main]-[org.eclipse.jetty.server.Server.doStart()]: jetty-8.y.z-SNAPSHOT

2016-03-21 16:46:31
[INFO]-[Thread: main]-[org.eclipse.jetty.server.handler.ContextHandler.callContextInitialized()]: started o.e.j.w.WebAppContext{/,file:/D:/workspace/jfinal_demo/WebContent/}

2016-03-21 16:46:31
[INFO]-[Thread: main]-[org.eclipse.jetty.server.handler.ContextHandler.callContextInitialized()]: started o.e.j.w.WebAppContext{/,file:/D:/workspace/jfinal_demo/WebContent/}

2016-03-21 16:46:31
[INFO]-[Thread: MLog-Init-Reporter]-[com.mchange.v2.log.slf4j.Slf4jMLog$Slf4jMLogger$InfoLogger.log()]: MLog clients using slf4j logging.

2016-03-21 16:46:31
[INFO]-[Thread: main]-[com.mchange.v2.log.slf4j.Slf4jMLog$Slf4jMLogger$InfoLogger.log()]: Initializing c3p0-0.9.5.1 [built 16-June-2015 00:06:36 -0700; debug? true; trace: 10]

2016-03-21 16:46:31
[INFO]-[Thread: main]-[com.mchange.v2.log.slf4j.Slf4jMLog$Slf4jMLogger$InfoLogger.log()]: Initializing c3p0 pool... com.mchange.v2.c3p0.ComboPooledDataSource [ acquireIncrement -> 2, acquireRetryAttempts -> 30, acquireRetryDelay -> 1000, autoCommitOnClose -> false, automaticTestTable -> null, breakAfterAcquireFailure -> false, checkoutTimeout -> 0, connectionCustomizerClassName -> null, connectionTesterClassName -> com.mchange.v2.c3p0.impl.DefaultConnectionTester, contextClassLoaderSource -> caller, dataSourceName -> 1hge17f9f169tmlcdq2hf7|b7dd107, debugUnreturnedConnectionStackTraces -> false, description -> null, driverClass -> com.mysql.jdbc.Driver, extensions -> {}, factoryClassLocation -> null, forceIgnoreUnresolvedTransactions -> false, forceSynchronousCheckins -> false, forceUseNamedDriverClass -> false, identityToken -> 1hge17f9f169tmlcdq2hf7|b7dd107, idleConnectionTestPeriod -> 0, initialPoolSize -> 10, jdbcUrl -> jdbc:mysql://localhost/test, maxAdministrativeTaskTime -> 0, maxConnectionAge -> 0, maxIdleTime -> 20, maxIdleTimeExcessConnections -> 0, maxPoolSize -> 100, maxStatements -> 0, maxStatementsPerConnection -> 0, minPoolSize -> 10, numHelperThreads -> 3, preferredTestQuery -> null, privilegeSpawnedThreads -> false, properties -> {user=******, password=******}, propertyCycle -> 0, statementCacheNumDeferredCloseThreads -> 0, testConnectionOnCheckin -> false, testConnectionOnCheckout -> false, unreturnedConnectionTimeout -> 0, userOverrides -> {}, usesTraditionalReflectiveProxies -> false ]

2016-03-21 16:46:32
[INFO]-[Thread: main]-[org.eclipse.jetty.server.AbstractConnector.doStart()]: Started SelectChannelConnector@0.0.0.0:80

2016-03-21 16:47:10
[INFO]-[Thread: qtp792791759-20]-[com.jfinal.plugin.activerecord.SqlReporter.invoke()]: Sql: insert into `user`(`birthday`, `sex`, `email`, `username`) values(?, ?, ?, ?)

2016-03-21 16:47:46
[INFO]-[Thread: JFinal-Scanner]-[org.eclipse.jetty.servlet.listener.ELContextCleaner.contextDestroyed()]: javax.el.BeanELResolver purged

2016-03-21 16:47:46
[INFO]-[Thread: JFinal-Scanner]-[org.eclipse.jetty.server.handler.ContextHandler.doStop()]: stopped o.e.j.w.WebAppContext{/,file:/D:/workspace/jfinal_demo/WebContent/}

2016-03-21 16:47:47
[INFO]-[Thread: JFinal-Scanner]-[org.eclipse.jetty.server.handler.ContextHandler.callContextInitialized()]: started o.e.j.w.WebAppContext{/,file:/D:/workspace/jfinal_demo/WebContent/}

2016-03-21 16:47:47
[INFO]-[Thread: JFinal-Scanner]-[org.eclipse.jetty.server.handler.ContextHandler.callContextInitialized()]: started o.e.j.w.WebAppContext{/,file:/D:/workspace/jfinal_demo/WebContent/}

2016-03-21 16:47:47
[INFO]-[Thread: MLog-Init-Reporter]-[com.mchange.v2.log.slf4j.Slf4jMLog$Slf4jMLogger$InfoLogger.log()]: MLog clients using slf4j logging.

2016-03-21 16:47:47
[INFO]-[Thread: JFinal-Scanner]-[com.mchange.v2.log.slf4j.Slf4jMLog$Slf4jMLogger$InfoLogger.log()]: Initializing c3p0-0.9.5.1 [built 16-June-2015 00:06:36 -0700; debug? true; trace: 10]

2016-03-21 16:47:47
[INFO]-[Thread: JFinal-Scanner]-[com.mchange.v2.log.slf4j.Slf4jMLog$Slf4jMLogger$InfoLogger.log()]: Initializing c3p0 pool... com.mchange.v2.c3p0.ComboPooledDataSource [ acquireIncrement -> 2, acquireRetryAttempts -> 30, acquireRetryDelay -> 1000, autoCommitOnClose -> false, automaticTestTable -> null, breakAfterAcquireFailure -> false, checkoutTimeout -> 0, connectionCustomizerClassName -> null, connectionTesterClassName -> com.mchange.v2.c3p0.impl.DefaultConnectionTester, contextClassLoaderSource -> caller, dataSourceName -> 1hge17f9f169v8yk11tf0lf|17ccb123, debugUnreturnedConnectionStackTraces -> false, description -> null, driverClass -> com.mysql.jdbc.Driver, extensions -> {}, factoryClassLocation -> null, forceIgnoreUnresolvedTransactions -> false, forceSynchronousCheckins -> false, forceUseNamedDriverClass -> false, identityToken -> 1hge17f9f169v8yk11tf0lf|17ccb123, idleConnectionTestPeriod -> 0, initialPoolSize -> 10, jdbcUrl -> jdbc:mysql://localhost/test, maxAdministrativeTaskTime -> 0, maxConnectionAge -> 0, maxIdleTime -> 20, maxIdleTimeExcessConnections -> 0, maxPoolSize -> 100, maxStatements -> 0, maxStatementsPerConnection -> 0, minPoolSize -> 10, numHelperThreads -> 3, preferredTestQuery -> null, privilegeSpawnedThreads -> false, properties -> {user=******, password=******}, propertyCycle -> 0, statementCacheNumDeferredCloseThreads -> 0, testConnectionOnCheckin -> false, testConnectionOnCheckout -> false, unreturnedConnectionTimeout -> 0, userOverrides -> {}, usesTraditionalReflectiveProxies -> false ]

2016-03-21 16:47:59
[INFO]-[Thread: qtp792791759-19]-[com.jfinal.plugin.activerecord.SqlReporter.invoke()]: Sql: insert into `user`(`birthday`, `password`, `sex`, `email`, `username`) values(?, ?, ?, ?, ?)

2016-03-21 17:18:35
[INFO]-[Thread: JFinal-Scanner]-[org.eclipse.jetty.servlet.listener.ELContextCleaner.contextDestroyed()]: javax.el.BeanELResolver purged

2016-03-21 17:18:35
[INFO]-[Thread: JFinal-Scanner]-[org.eclipse.jetty.server.handler.ContextHandler.doStop()]: stopped o.e.j.w.WebAppContext{/,file:/D:/workspace/jfinal_demo/WebContent/}

2016-03-21 17:18:35
[INFO]-[Thread: JFinal-Scanner]-[org.eclipse.jetty.server.handler.ContextHandler.callContextInitialized()]: started o.e.j.w.WebAppContext{/,file:/D:/workspace/jfinal_demo/WebContent/}

2016-03-21 17:18:35
[INFO]-[Thread: JFinal-Scanner]-[org.eclipse.jetty.server.handler.ContextHandler.callContextInitialized()]: started o.e.j.w.WebAppContext{/,file:/D:/workspace/jfinal_demo/WebContent/}

2016-03-21 17:18:35
[INFO]-[Thread: JFinal-Scanner]-[com.mchange.v2.log.slf4j.Slf4jMLog$Slf4jMLogger$InfoLogger.log()]: Initializing c3p0-0.9.5.1 [built 16-June-2015 00:06:36 -0700; debug? true; trace: 10]

2016-03-21 17:18:36
[INFO]-[Thread: JFinal-Scanner]-[com.mchange.v2.log.slf4j.Slf4jMLog$Slf4jMLogger$InfoLogger.log()]: Initializing c3p0 pool... com.mchange.v2.c3p0.ComboPooledDataSource [ acquireIncrement -> 2, acquireRetryAttempts -> 30, acquireRetryDelay -> 1000, autoCommitOnClose -> false, automaticTestTable -> null, breakAfterAcquireFailure -> false, checkoutTimeout -> 0, connectionCustomizerClassName -> null, connectionTesterClassName -> com.mchange.v2.c3p0.impl.DefaultConnectionTester, contextClassLoaderSource -> caller, dataSourceName -> 1hge17f9f16ayvg91iiisox|78bfb679, debugUnreturnedConnectionStackTraces -> false, description -> null, driverClass -> com.mysql.jdbc.Driver, extensions -> {}, factoryClassLocation -> null, forceIgnoreUnresolvedTransactions -> false, forceSynchronousCheckins -> false, forceUseNamedDriverClass -> false, identityToken -> 1hge17f9f16ayvg91iiisox|78bfb679, idleConnectionTestPeriod -> 0, initialPoolSize -> 10, jdbcUrl -> jdbc:mysql://localhost/test, maxAdministrativeTaskTime -> 0, maxConnectionAge -> 0, maxIdleTime -> 20, maxIdleTimeExcessConnections -> 0, maxPoolSize -> 100, maxStatements -> 0, maxStatementsPerConnection -> 0, minPoolSize -> 10, numHelperThreads -> 3, preferredTestQuery -> null, privilegeSpawnedThreads -> false, properties -> {user=******, password=******}, propertyCycle -> 0, statementCacheNumDeferredCloseThreads -> 0, testConnectionOnCheckin -> false, testConnectionOnCheckout -> false, unreturnedConnectionTimeout -> 0, userOverrides -> {}, usesTraditionalReflectiveProxies -> false ]

2016-03-21 17:18:36
[INFO]-[Thread: MLog-Init-Reporter]-[com.mchange.v2.log.slf4j.Slf4jMLog$Slf4jMLogger$InfoLogger.log()]: MLog clients using slf4j logging.

2016-03-21 17:18:40
[INFO]-[Thread: JFinal-Scanner]-[org.eclipse.jetty.servlet.listener.ELContextCleaner.contextDestroyed()]: javax.el.BeanELResolver purged

2016-03-21 17:18:40
[INFO]-[Thread: JFinal-Scanner]-[org.eclipse.jetty.server.handler.ContextHandler.doStop()]: stopped o.e.j.w.WebAppContext{/,file:/D:/workspace/jfinal_demo/WebContent/}

2016-03-21 17:18:40
[INFO]-[Thread: JFinal-Scanner]-[org.eclipse.jetty.server.handler.ContextHandler.callContextInitialized()]: started o.e.j.w.WebAppContext{/,file:/D:/workspace/jfinal_demo/WebContent/}

2016-03-21 17:18:40
[INFO]-[Thread: JFinal-Scanner]-[org.eclipse.jetty.server.handler.ContextHandler.callContextInitialized()]: started o.e.j.w.WebAppContext{/,file:/D:/workspace/jfinal_demo/WebContent/}

2016-03-21 17:18:40
[INFO]-[Thread: MLog-Init-Reporter]-[com.mchange.v2.log.slf4j.Slf4jMLog$Slf4jMLogger$InfoLogger.log()]: MLog clients using slf4j logging.

2016-03-21 17:18:40
[INFO]-[Thread: JFinal-Scanner]-[com.mchange.v2.log.slf4j.Slf4jMLog$Slf4jMLogger$InfoLogger.log()]: Initializing c3p0-0.9.5.1 [built 16-June-2015 00:06:36 -0700; debug? true; trace: 10]

2016-03-21 17:18:40
[INFO]-[Thread: JFinal-Scanner]-[com.mchange.v2.log.slf4j.Slf4jMLog$Slf4jMLogger$InfoLogger.log()]: Initializing c3p0 pool... com.mchange.v2.c3p0.ComboPooledDataSource [ acquireIncrement -> 2, acquireRetryAttempts -> 30, acquireRetryDelay -> 1000, autoCommitOnClose -> false, automaticTestTable -> null, breakAfterAcquireFailure -> false, checkoutTimeout -> 0, connectionCustomizerClassName -> null, connectionTesterClassName -> com.mchange.v2.c3p0.impl.DefaultConnectionTester, contextClassLoaderSource -> caller, dataSourceName -> 1hge17f9f16ayz8fxogtbw|46e82e5f, debugUnreturnedConnectionStackTraces -> false, description -> null, driverClass -> com.mysql.jdbc.Driver, extensions -> {}, factoryClassLocation -> null, forceIgnoreUnresolvedTransactions -> false, forceSynchronousCheckins -> false, forceUseNamedDriverClass -> false, identityToken -> 1hge17f9f16ayz8fxogtbw|46e82e5f, idleConnectionTestPeriod -> 0, initialPoolSize -> 10, jdbcUrl -> jdbc:mysql://localhost/test, maxAdministrativeTaskTime -> 0, maxConnectionAge -> 0, maxIdleTime -> 20, maxIdleTimeExcessConnections -> 0, maxPoolSize -> 100, maxStatements -> 0, maxStatementsPerConnection -> 0, minPoolSize -> 10, numHelperThreads -> 3, preferredTestQuery -> null, privilegeSpawnedThreads -> false, properties -> {user=******, password=******}, propertyCycle -> 0, statementCacheNumDeferredCloseThreads -> 0, testConnectionOnCheckin -> false, testConnectionOnCheckout -> false, unreturnedConnectionTimeout -> 0, userOverrides -> {}, usesTraditionalReflectiveProxies -> false ]
